<?xml version="1.0" encoding="UTF-8"?>
<!-- Generated by org.testng.reporters.JUnitReportReporter -->
<testsuite skipped="0" hostname="SS-NB-L0158" name="com.clinical6.coreplatform.simpletest" tests="1" failures="0" timestamp="04 九月 2018 08:52:11 GMT" time="5.527" errors="0">
  <testcase name="test1" time="5.527" classname="com.clinical6.coreplatform.simpletest"/>
</testsuite> <!-- com.clinical6.coreplatform.simpletest -->
